Disk Report - Fri Sep 26 10:18:15 AM EDT 2025
Filesystem      Size  Used Avail Use% Mounted on
tmpfs           341M  1.6M  339M   1% /run
/dev/sda2        20G   12G  7.5G  60% /
tmpfs           1.7G     0  1.7G   0% /dev/shm
tmpfs           5.0M  8.0K  5.0M   1% /run/lock
tmpfs           1.0M     0  1.0M   0% /run/credentials/systemd-journald.service
tmpfs           1.0M     0  1.0M   0% /run/credentials/systemd-resolved.service
tmpfs           1.7G   16K  1.7G   1% /tmp
tmpfs           341M  116K  341M   1% /run/user/1000
---------------------
Disk Report - Fri Sep 26 10:19:57 AM EDT 2025
Filesystem      Size  Used Avail Use% Mounted on
tmpfs           341M  1.6M  339M   1% /run
/dev/sda2        20G   12G  7.5G  60% /
tmpfs           1.7G     0  1.7G   0% /dev/shm
tmpfs           5.0M  8.0K  5.0M   1% /run/lock
tmpfs           1.0M     0  1.0M   0% /run/credentials/systemd-journald.service
tmpfs           1.0M     0  1.0M   0% /run/credentials/systemd-resolved.service
tmpfs           1.7G   16K  1.7G   1% /tmp
tmpfs           341M  116K  341M   1% /run/user/1000
---------------------
Disk Report - Fri Sep 26 10:25:01 AM EDT 2025
Filesystem      Size  Used Avail Use% Mounted on
tmpfs           341M  1.6M  339M   1% /run
/dev/sda2        20G   12G  7.5G  60% /
tmpfs           1.7G     0  1.7G   0% /dev/shm
tmpfs           5.0M  8.0K  5.0M   1% /run/lock
tmpfs           1.0M     0  1.0M   0% /run/credentials/systemd-journald.service
tmpfs           1.0M     0  1.0M   0% /run/credentials/systemd-resolved.service
tmpfs           1.7G   16K  1.7G   1% /tmp
tmpfs           341M  116K  341M   1% /run/user/1000
---------------------
Disk Report - Fri Sep 26 10:30:01 AM EDT 2025
Filesystem      Size  Used Avail Use% Mounted on
tmpfs           341M  1.6M  339M   1% /run
/dev/sda2        20G   12G  7.4G  61% /
tmpfs           1.7G     0  1.7G   0% /dev/shm
tmpfs           5.0M  8.0K  5.0M   1% /run/lock
tmpfs           1.0M     0  1.0M   0% /run/credentials/systemd-journald.service
tmpfs           1.0M     0  1.0M   0% /run/credentials/systemd-resolved.service
tmpfs           1.7G   16K  1.7G   1% /tmp
tmpfs           341M  124K  341M   1% /run/user/1000
---------------------
Disk Report - Fri Sep 26 10:35:01 AM EDT 2025
Filesystem      Size  Used Avail Use% Mounted on
tmpfs           341M  1.6M  339M   1% /run
/dev/sda2        20G   12G  7.4G  61% /
tmpfs           1.7G     0  1.7G   0% /dev/shm
tmpfs           5.0M  8.0K  5.0M   1% /run/lock
tmpfs           1.0M     0  1.0M   0% /run/credentials/systemd-journald.service
tmpfs           1.0M     0  1.0M   0% /run/credentials/systemd-resolved.service
tmpfs           1.7G   16K  1.7G   1% /tmp
tmpfs           341M  124K  341M   1% /run/user/1000
---------------------
